<?xml version="1.0" encoding="UTF-8"?>
<!-- Generated by org.testng.reporters.JUnitReportReporter -->
<testsuite hostname="ACSWDF004563" failures="0" tests="18" name="org.project.Test_Cases" time="239.302" errors="0" timestamp="2023-01-31T16:42:31 CET" skipped="0">
  <testcase classname="org.project.Test_Cases" name="fill_in_NewItemFields_Testing" time="2.115"/>
  <testcase classname="org.project.Test_Cases" name="retrieve_AddItemDataForMaterialDocument1_Testing" time="5.214"/>
  <testcase classname="org.project.Test_Cases" name="fill_in_ItemCategory_Testing" time="13.602"/>
  <testcase classname="org.project.Test_Cases" name="postprocessing_ReverseOrder_Testing" time="6.980"/>
  <testcase classname="org.project.Test_Cases" name="finalize_ProcessingOfVehicleRelatedDocument_Testing" time="8.716"/>
  <testcase classname="org.project.Test_Cases" name="postprocessing_ProcessReversedOrder_Testing" time="21.624"/>
  <testcase classname="org.project.Test_Cases" name="openDataCollationPage_Testing" time="37.526"/>
  <testcase classname="org.project.Test_Cases" name="postprocessing_Read_StockTransportOrderNumber_Testing" time="9.739"/>
  <testcase classname="org.project.Test_Cases" name="postprocessing_SearchPostedVehicleRelatedDoc_Testing" time="41.276"/>
  <testcase classname="org.project.Test_Cases" name="add_NewItemRow_Testing" time="20.291"/>
  <testcase classname="org.project.Test_Cases" name="close_currentAddItemDataForMaterialDocumentTab_Testing" time="2.146"/>
  <testcase classname="org.project.Test_Cases" name="displayFirstMaterialDocumentPage_Testing" time="4.228"/>
  <testcase classname="org.project.Test_Cases" name="comparing_AddItemDetails_Testing" time="4.025"/>
  <testcase classname="org.project.Test_Cases" name="filling_SecondRowforAddItemTable_Testing" time="21.712"/>
  <testcase classname="org.project.Test_Cases" name="postprocessing_SearchingCancelledOrder_Testing" time="24.389"/>
  <testcase classname="org.project.Test_Cases" name="fill_in_RightPartOfTable_Testing" time="6.676"/>
  <testcase classname="org.project.Test_Cases" name="retrieve_AddItemDataForMaterialDocument2_Testing" time="5.216"/>
  <testcase classname="org.project.Test_Cases" name="displaySecondMaterialDocumentPage_Testing" time="3.827"/>
</testsuite> <!-- org.project.Test_Cases -->
